<?xml version="1.0" encoding="UTF-8"?>
<!-- Generated by org.testng.reporters.JUnitReportReporter -->
<testsuite hostname="NIVINISHI" failures="0" tests="1" name="com.acti.base.DriverScript" time="5.165" errors="0" timestamp="18 Jan 2023 03:51:46 GMT" skipped="0">
  <testcase classname="com.acti.base.DriverScript" name="initApplication" time="5.165"/>
</testsuite> <!-- com.acti.base.DriverScript -->
