<?xml version="1.0" encoding="UTF-8"?>
<!-- Generated by org.testng.reporters.JUnitReportReporter -->
<testsuite hostname="NIVINISHI" failures="0" tests="1" name="com.acti.tests.BaseTest" time="6.351" errors="0" timestamp="19 Jan 2023 01:53:37 GMT" skipped="0">
  <testcase classname="com.acti.tests.BaseTest" name="initApplication" time="6.351"/>
</testsuite> <!-- com.acti.tests.BaseTest -->
