<?xml version="1.0" encoding="UTF-8"?>
<!-- Generated by org.testng.reporters.JUnitReportReporter -->
<testsuite hostname="NIVINISHI" failures="0" tests="1" name="com.acti.tests.LoginpageTest" time="8.721" errors="0" timestamp="19 Jan 2023 01:53:37 GMT" skipped="0">
  <testcase classname="com.acti.tests.LoginpageTest" name="initApplication" time="8.721"/>
</testsuite> <!-- com.acti.tests.LoginpageTest -->
